<?xml version="1.0" encoding="UTF-8" standalone="yes"?>
<layout type="XY-Layout">
    <x-size>738</x-size>
    <y-size>521</y-size>
    <background-color>#ff6699</background-color>
</layout>